Using pre-set license
Built from '2020.2/staging' branch; Version is '2020.2.7f1 (c53830e277f1) revision 12924976'; Using compiler version '192528614'; Build Type 'Release'
OS: 'Windows 10 Pro; OS build 18363.1440; Version 1909; 64bit' Language: 'ru' Physical Memory: 16326 MB
BatchMode: 1, IsHumanControllingUs: 0, StartBugReporterOnCrash: 0, Is64bit: 1, IsPro: 0

 COMMAND LINE ARGUMENTS:
C:\Program Files\Unity\Hub\Editor\2020.2.7f1\Editor\Unity.exe
-adb2
-batchMode
-noUpm
-name
AssetImportWorker0
-projectPath
A:/GameUnity/Shooter/Shooter
-logFile
Logs/AssetImportWorker0.log
-srvPort
50808
Successfully changed project path to: A:/GameUnity/Shooter/Shooter
A:/GameUnity/Shooter/Shooter
Using Asset Import Pipeline V2.
Refreshing native plugins compatible for Editor in 38.64 ms, found 0 plugins.
Preloading 0 native plugins for Editor in 0.00 ms.
Initialize engine version: 2020.2.7f1 (c53830e277f1)
[Subsystems] Discovering subsystems at path C:/Program Files/Unity/Hub/Editor/2020.2.7f1/Editor/Data/Resources/UnitySubsystems
[Subsystems] Discovering subsystems at path A:/GameUnity/Shooter/Shooter/Assets
GfxDevice: creating device client; threaded=0
Direct3D:
    Version:  Direct3D 11.0 [level 11.1]
    Renderer: NVIDIA GeForce RTX 2070 (ID=0x1f02)
    Vendor:   
    VRAM:     8031 MB
    Driver:   27.21.14.5671
Initialize mono
Mono path[0] = 'C:/Program Files/Unity/Hub/Editor/2020.2.7f1/Editor/Data/Managed'
Mono path[1] = 'C:/Program Files/Unity/Hub/Editor/2020.2.7f1/Editor/Data/MonoBleedingEdge/lib/mono/unityjit'
Mono config path = 'C:/Program Files/Unity/Hub/Editor/2020.2.7f1/Editor/Data/MonoBleedingEdge/etc'
Using monoOptions --debugger-agent=transport=dt_socket,embedding=1,server=y,suspend=n,address=127.0.0.1:56276
Begin MonoManager ReloadAssembly
Registering precompiled unity dll's ...
Register platform support module: C:/Program Files/Unity/Hub/Editor/2020.2.7f1/Editor/Data/PlaybackEngines/WindowsStandaloneSupport/UnityEditor.WindowsStandalone.Extensions.dll
Registered in 0.001622 seconds.
Native extension for WindowsStandalone target not found
Refreshing native plugins compatible for Editor in 20.44 ms, found 0 plugins.
Preloading 0 native plugins for Editor in 0.00 ms.
Invoked RoslynAnalysisRunner static constructor.
RoslynAnalysisRunner will not be running.
RoslynAnalysisRunner has terminated.
Mono: successfully reloaded assembly
- Completed reload, in  0.810 seconds
Platform modules already initialized, skipping
Registering precompiled user dll's ...
Registered in 0.000442 seconds.
Begin MonoManager ReloadAssembly
Native extension for WindowsStandalone target not found
Refreshing native plugins compatible for Editor in 0.20 ms, found 0 plugins.
Preloading 0 native plugins for Editor in 0.00 ms.
Invoked RoslynAnalysisRunner static constructor.
RoslynAnalysisRunner will not be running.
RoslynAnalysisRunner has terminated.
Mono: successfully reloaded assembly
- Completed reload, in  0.706 seconds
Platform modules already initialized, skipping
========================================================================
Worker process is ready to serve import requests
Launched and connected shader compiler UnityShaderCompiler.exe after 0.04 seconds
Refreshing native plugins compatible for Editor in 0.19 ms, found 0 plugins.
Preloading 0 native plugins for Editor in 0.00 ms.
Unloading 1170 Unused Serialized files (Serialized files now loaded: 0)
System memory in use before: 60.3 MB.
System memory in use after: 60.4 MB.

Unloading 10 unused Assets to reduce memory usage. Loaded Objects now: 1613.
Total: 1.394700 ms (FindLiveObjects: 0.111100 ms CreateObjectMapping: 0.039200 ms MarkObjects: 1.174600 ms  DeleteObjects: 0.068900 ms)

========================================================================
Received Import Request.
  path: Assets/TextMesh Pro/Examples & Extras/Resources/Fonts & Materials/Bangers SDF.asset
  artifactKey: Guid(125cb55b44b24c4393181402bc6200e6) Importer(815301076,1909f56bfc062723c751e8b465ee728b)
Start importing Assets/TextMesh Pro/Examples & Extras/Resources/Fonts & Materials/Bangers SDF.asset using Guid(125cb55b44b24c4393181402bc6200e6) Importer(815301076,1909f56bfc062723c751e8b465ee728b)  -> (artifact id: '36a313f097de467b2f81e8f2b854e712') in 0.322963 seconds
  Import took 0.325108 seconds .

========================================================================
Received Import Request.
  Time since last request: 0.000314 seconds.
  path: Assets/TextMesh Pro/Examples & Extras/Resources/Fonts & Materials/Roboto-Bold SDF.asset
  artifactKey: Guid(5302535af1044152a457ed104f1f4b91) Importer(815301076,1909f56bfc062723c751e8b465ee728b)
Start importing Assets/TextMesh Pro/Examples & Extras/Resources/Fonts & Materials/Roboto-Bold SDF.asset using Guid(5302535af1044152a457ed104f1f4b91) Importer(815301076,1909f56bfc062723c751e8b465ee728b)  -> (artifact id: 'acb3b75ff03ef99e4d12e7d51191db58') in 0.027325 seconds
  Import took 0.029030 seconds .

========================================================================
Received Import Request.
  Time since last request: 0.000194 seconds.
  path: Assets/TextMesh Pro/Examples & Extras/Resources/Fonts & Materials/Oswald Bold SDF.asset
  artifactKey: Guid(0161d805a3764c089bef00bfe00793f5) Importer(815301076,1909f56bfc062723c751e8b465ee728b)
Start importing Assets/TextMesh Pro/Examples & Extras/Resources/Fonts & Materials/Oswald Bold SDF.asset using Guid(0161d805a3764c089bef00bfe00793f5) Importer(815301076,1909f56bfc062723c751e8b465ee728b)  -> (artifact id: 'ba4394189e483a94ba2a19a5ec32685b') in 0.024552 seconds
  Import took 0.026164 seconds .

========================================================================
Received Import Request.
  Time since last request: 0.000160 seconds.
  path: Assets/TextMesh Pro/Examples & Extras/Resources/Fonts & Materials/LiberationSans SDF - Metalic Green.mat
  artifactKey: Guid(8b29aaa3eec7468097ff07adfcf29ac9) Importer(815301076,1909f56bfc062723c751e8b465ee728b)
Start importing Assets/TextMesh Pro/Examples & Extras/Resources/Fonts & Materials/LiberationSans SDF - Metalic Green.mat using Guid(8b29aaa3eec7468097ff07adfcf29ac9) Importer(815301076,1909f56bfc062723c751e8b465ee728b)  -> (artifact id: 'ba15eae28eaea87cb60b1b74edc83409') in 0.388731 seconds
  Import took 0.390459 seconds .

========================================================================
Received Prepare
Registering precompiled user dll's ...
Registered in 0.000602 seconds.
Begin MonoManager ReloadAssembly
Native extension for WindowsStandalone target not found
Refreshing native plugins compatible for Editor in 0.27 ms, found 0 plugins.
Preloading 0 native plugins for Editor in 0.00 ms.
Invoked RoslynAnalysisRunner static constructor.
RoslynAnalysisRunner will not be running.
RoslynAnalysisRunner has terminated.
Mono: successfully reloaded assembly
- Completed reload, in  0.748 seconds
Platform modules already initialized, skipping
Refreshing native plugins compatible for Editor in 0.18 ms, found 0 plugins.
Preloading 0 native plugins for Editor in 0.00 ms.
Unloading 1152 Unused Serialized files (Serialized files now loaded: 0)
System memory in use before: 62.7 MB.
System memory in use after: 62.7 MB.

Unloading 5 unused Assets to reduce memory usage. Loaded Objects now: 1658.
Total: 1.375800 ms (FindLiveObjects: 0.135500 ms CreateObjectMapping: 0.031700 ms MarkObjects: 1.162200 ms  DeleteObjects: 0.045600 ms)

========================================================================
Received Import Request.
  Time since last request: 109.313239 seconds.
  path: Assets/Scenes/Prefabs/pistol.prefab
  artifactKey: Guid(f76f44036fc3be24bab3f08188f1ee4a) Importer(815301076,1909f56bfc062723c751e8b465ee728b)
Start importing Assets/Scenes/Prefabs/pistol.prefab using Guid(f76f44036fc3be24bab3f08188f1ee4a) Importer(815301076,1909f56bfc062723c751e8b465ee728b)  -> (artifact id: '83464b8bfb408c9e94489c6e1aa4ef8a') in 0.086731 seconds
  Import took 0.144884 seconds .

========================================================================
Received Import Request.
  Time since last request: 6.056936 seconds.
  path: Assets/Scenes/Prefabs/Weapon
  artifactKey: Guid(aadb3bb0d84dcbf468694c91f5db376a) Importer(815301076,1909f56bfc062723c751e8b465ee728b)
Start importing Assets/Scenes/Prefabs/Weapon using Guid(aadb3bb0d84dcbf468694c91f5db376a) Importer(815301076,1909f56bfc062723c751e8b465ee728b)  -> (artifact id: '50039ac008e9fb6fcf1653f8811a41d1') in 0.017803 seconds
  Import took 0.038192 seconds .

========================================================================
Received Import Request.
  Time since last request: 8.368840 seconds.
  path: Assets/Scenes/Prefabs/Bullet
  artifactKey: Guid(0f28e8b7ee6e52f4db94f05e894f95e0) Importer(815301076,1909f56bfc062723c751e8b465ee728b)
Start importing Assets/Scenes/Prefabs/Bullet using Guid(0f28e8b7ee6e52f4db94f05e894f95e0) Importer(815301076,1909f56bfc062723c751e8b465ee728b)  -> (artifact id: '20f3238d533d81169bed127e0a07f562') in 0.014039 seconds
  Import took 0.043906 seconds .

========================================================================
Received Import Request.
  Time since last request: 23.567509 seconds.
  path: Assets/Scenes/Prefabs/UI
  artifactKey: Guid(3d2108ccf02e50747ae44fd4607afa05) Importer(815301076,1909f56bfc062723c751e8b465ee728b)
Start importing Assets/Scenes/Prefabs/UI using Guid(3d2108ccf02e50747ae44fd4607afa05) Importer(815301076,1909f56bfc062723c751e8b465ee728b)  -> (artifact id: '4ba10ba72b5d164ce9135c6bc7c75425') in 0.005567 seconds
  Import took 0.007905 seconds .

========================================================================
Received Import Request.
  Time since last request: 12.647903 seconds.
  path: Assets/Scenes/Prefabs/UI/Inventory
  artifactKey: Guid(30c39139c6d929243b8afdfe4d220dcb) Importer(815301076,1909f56bfc062723c751e8b465ee728b)
Start importing Assets/Scenes/Prefabs/UI/Inventory using Guid(30c39139c6d929243b8afdfe4d220dcb) Importer(815301076,1909f56bfc062723c751e8b465ee728b)  -> (artifact id: '12136ce3be939262f26861c14e0217cb') in 0.006783 seconds
  Import took 0.038566 seconds .

========================================================================
Received Import Request.
  Time since last request: 9.807302 seconds.
  path: Assets/Scenes/Prefabs/UI/Inventory/Cells1.prefab
  artifactKey: Guid(ef397e4fe0f54cf4ab94cd5aa37b8ab3) Importer(815301076,1909f56bfc062723c751e8b465ee728b)
Start importing Assets/Scenes/Prefabs/UI/Inventory/Cells1.prefab using Guid(ef397e4fe0f54cf4ab94cd5aa37b8ab3) Importer(815301076,1909f56bfc062723c751e8b465ee728b)  -> (artifact id: '9a3c35390d0708a757cde1faaebe6ff8') in 0.049750 seconds
  Import took 0.066253 seconds .

